{
  "stats": {
    "suites": 1,
    "tests": 8,
    "passes": 8,
    "pending": 0,
    "failures": 0,
    "start": "2026-03-15T19:26:45.721Z",
    "end": "2026-03-15T19:26:54.444Z",
    "duration": 8723,
    "testsRegistered": 8,
    "passPercent": 100,
    "pendingPercent": 0,
    "other": 0,
    "hasOther": false,
    "skipped": 0,
    "hasSkipped": false
  },
  "results": [
    {
      "uuid": "e98caaa2-99f8-4c58-bef2-e0d453cb36f2",
      "title": "",
      "fullFile": "cypress/qauto/registation/test_registration_repeat_password.spec.js",
      "file": "cypress/qauto/registation/test_registration_repeat_password.spec.js",
      "beforeHooks": [],
      "afterHooks": [],
      "tests": [],
      "suites": [
        {
          "uuid": "c504a1a0-9324-41d6-882f-e856bf6264a9",
          "title": "Should show errors for Re-password field if: ",
          "fullFile": "",
          "file": "",
          "beforeHooks": [],
          "afterHooks": [],
          "tests": [
            {
              "title": "should be the same",
              "fullTitle": "Should show errors for Re-password field if:  should be the same",
              "timedOut": null,
              "duration": 1967,
              "state": "passed",
              "speed": "fast",
              "pass": true,
              "fail": false,
              "pending": false,
              "context": null,
              "code": "cy.get(passwordSelector).type(correctPass1);\ncy.get(passwordSelector).blur();\ncy.get('.invalid-feedback').should('not.exist');\ncy.get(rePasswordSelector).type(correctPass2);\ncy.get(rePasswordSelector).blur();\ncy.get('.invalid-feedback').should('contain.text', rePasswordErrors.wrongData).and('css', 'color', errorsColor);\ncy.contains('button', 'Register').should('be.disabled');",
              "err": {},
              "uuid": "0d6c42d0-4d16-4df3-9b27-c038d29d1566",
              "parentUUID": "c504a1a0-9324-41d6-882f-e856bf6264a9",
              "isHook": false,
              "skipped": false
            },
            {
              "title": "re-password shouldn't be empty",
              "fullTitle": "Should show errors for Re-password field if:  re-password shouldn't be empty",
              "timedOut": null,
              "duration": 709,
              "state": "passed",
              "speed": "fast",
              "pass": true,
              "fail": false,
              "pending": false,
              "context": null,
              "code": "cy.get(rePasswordSelector).focus();\ncy.get(rePasswordSelector).blur();\ncy.get('.invalid-feedback').should('contain.text', rePasswordErrors.empty).and('css', 'color', errorsColor);\ncy.contains('button', 'Register').should('be.disabled');",
              "err": {},
              "uuid": "bd42e437-cc76-40b3-818e-7a1d424a53de",
              "parentUUID": "c504a1a0-9324-41d6-882f-e856bf6264a9",
              "isHook": false,
              "skipped": false
            },
            {
              "title": "re-enter password is short1A",
              "fullTitle": "Should show errors for Re-password field if:  re-enter password is short1A",
              "timedOut": null,
              "duration": 935,
              "state": "passed",
              "speed": "fast",
              "pass": true,
              "fail": false,
              "pending": false,
              "context": null,
              "code": "cy.get(rePasswordSelector).type(passw);\ncy.get(rePasswordSelector).blur();\ncy.get('.invalid-feedback').should('contain.text', rePasswordErrors.lenght).and('css', 'color', errorsColor);\ncy.contains('button', 'Register').should('be.disabled');",
              "err": {},
              "uuid": "b8ee9df2-0d2e-4001-9196-83c4f039e332",
              "parentUUID": "c504a1a0-9324-41d6-882f-e856bf6264a9",
              "isHook": false,
              "skipped": false
            },
            {
              "title": "re-enter password is alllowercase123",
              "fullTitle": "Should show errors for Re-password field if:  re-enter password is alllowercase123",
              "timedOut": null,
              "duration": 849,
              "state": "passed",
              "speed": "fast",
              "pass": true,
              "fail": false,
              "pending": false,
              "context": null,
              "code": "cy.get(rePasswordSelector).type(passw);\ncy.get(rePasswordSelector).blur();\ncy.get('.invalid-feedback').should('contain.text', rePasswordErrors.lenght).and('css', 'color', errorsColor);\ncy.contains('button', 'Register').should('be.disabled');",
              "err": {},
              "uuid": "ea134203-aec8-48af-b4f6-a2d57e77c134",
              "parentUUID": "c504a1a0-9324-41d6-882f-e856bf6264a9",
              "isHook": false,
              "skipped": false
            },
            {
              "title": "re-enter password is ALLUPPERCASE1",
              "fullTitle": "Should show errors for Re-password field if:  re-enter password is ALLUPPERCASE1",
              "timedOut": null,
              "duration": 833,
              "state": "passed",
              "speed": "fast",
              "pass": true,
              "fail": false,
              "pending": false,
              "context": null,
              "code": "cy.get(rePasswordSelector).type(passw);\ncy.get(rePasswordSelector).blur();\ncy.get('.invalid-feedback').should('contain.text', rePasswordErrors.lenght).and('css', 'color', errorsColor);\ncy.contains('button', 'Register').should('be.disabled');",
              "err": {},
              "uuid": "2f95cf9c-f0da-489d-8634-feb7d7fd5bbc",
              "parentUUID": "c504a1a0-9324-41d6-882f-e856bf6264a9",
              "isHook": false,
              "skipped": false
            },
            {
              "title": "re-enter password is NoNumberHere!",
              "fullTitle": "Should show errors for Re-password field if:  re-enter password is NoNumberHere!",
              "timedOut": null,
              "duration": 792,
              "state": "passed",
              "speed": "fast",
              "pass": true,
              "fail": false,
              "pending": false,
              "context": null,
              "code": "cy.get(rePasswordSelector).type(passw);\ncy.get(rePasswordSelector).blur();\ncy.get('.invalid-feedback').should('contain.text', rePasswordErrors.lenght).and('css', 'color', errorsColor);\ncy.contains('button', 'Register').should('be.disabled');",
              "err": {},
              "uuid": "6e0f4f63-ca3d-401f-a319-05ba5afa6e8e",
              "parentUUID": "c504a1a0-9324-41d6-882f-e856bf6264a9",
              "isHook": false,
              "skipped": false
            },
            {
              "title": "re-enter password is Привіт123A!",
              "fullTitle": "Should show errors for Re-password field if:  re-enter password is Привіт123A!",
              "timedOut": null,
              "duration": 1123,
              "state": "passed",
              "speed": "fast",
              "pass": true,
              "fail": false,
              "pending": false,
              "context": null,
              "code": "cy.get(rePasswordSelector).type(passw);\ncy.get(rePasswordSelector).blur();\ncy.get('.invalid-feedback').should('contain.text', rePasswordErrors.lenght).and('css', 'color', errorsColor);\ncy.contains('button', 'Register').should('be.disabled');",
              "err": {},
              "uuid": "dbdb5d4c-7d9a-45a1-b337-f4f488285f6d",
              "parentUUID": "c504a1a0-9324-41d6-882f-e856bf6264a9",
              "isHook": false,
              "skipped": false
            },
            {
              "title": "re-enter password is thisPasswordIsToolong12345678",
              "fullTitle": "Should show errors for Re-password field if:  re-enter password is thisPasswordIsToolong12345678",
              "timedOut": null,
              "duration": 1127,
              "state": "passed",
              "speed": "fast",
              "pass": true,
              "fail": false,
              "pending": false,
              "context": null,
              "code": "cy.get(rePasswordSelector).type(passw);\ncy.get(rePasswordSelector).blur();\ncy.get('.invalid-feedback').should('contain.text', rePasswordErrors.lenght).and('css', 'color', errorsColor);\ncy.contains('button', 'Register').should('be.disabled');",
              "err": {},
              "uuid": "5fdb76c3-6869-4998-8fcf-9aaada0bcb2f",
              "parentUUID": "c504a1a0-9324-41d6-882f-e856bf6264a9",
              "isHook": false,
              "skipped": false
            }
          ],
          "suites": [],
          "passes": [
            "0d6c42d0-4d16-4df3-9b27-c038d29d1566",
            "bd42e437-cc76-40b3-818e-7a1d424a53de",
            "b8ee9df2-0d2e-4001-9196-83c4f039e332",
            "ea134203-aec8-48af-b4f6-a2d57e77c134",
            "2f95cf9c-f0da-489d-8634-feb7d7fd5bbc",
            "6e0f4f63-ca3d-401f-a319-05ba5afa6e8e",
            "dbdb5d4c-7d9a-45a1-b337-f4f488285f6d",
            "5fdb76c3-6869-4998-8fcf-9aaada0bcb2f"
          ],
          "failures": [],
          "pending": [],
          "skipped": [],
          "duration": 8335,
          "root": false,
          "rootEmpty": false,
          "_timeout": 2000
        }
      ],
      "passes": [],
      "failures": [],
      "pending": [],
      "skipped": [],
      "duration": 0,
      "root": true,
      "rootEmpty": true,
      "_timeout": 2000
    }
  ],
  "meta": {
    "mocha": {
      "version": "7.2.0"
    },
    "mochawesome": {
      "options": {
        "quiet": false,
        "reportFilename": "mochawesome",
        "saveHtml": true,
        "saveJson": true,
        "consoleReporter": "spec",
        "useInlineDiffs": false,
        "code": true
      },
      "version": "7.1.4"
    },
    "marge": {
      "options": null,
      "version": "6.3.2"
    }
  }
}